{"numTotalTestSuites":2,"numPassedTestSuites":0,"numFailedTestSuites":2,"numPendingTestSuites":0,"numTotalTests":3,"numPassedTests":0,"numFailedTests":3,"numPendingTests":0,"numTodoTests":0,"snapshot":{"added":0,"failure":false,"filesAdded":0,"filesRemoved":0,"filesRemovedList":[],"filesUnmatched":0,"filesUpdated":0,"matched":0,"total":0,"unchecked":0,"uncheckedKeysByFile":[],"unmatched":0,"updated":0,"didUpdate":false},"startTime":1777090072751,"success":false,"testResults":[{"assertionResults":[{"ancestorTitles":["ApplicationListPage"],"fullName":"ApplicationListPage renders backend-driven type tabs and filters the list","status":"failed","title":"renders backend-driven type tabs and filters the list","duration":10169.735468,"failureMessages":["Error\n    at waitForWrapper (/home/taichu/git/1flowbase-project-maintenance/web/node_modules/.pnpm/@testing-library+dom@10.4.1/node_modules/@testing-library/dom/dist/wait-for.js:163:31)\n    at <anonymous> (/home/taichu/git/1flowbase-project-maintenance/web/app/src/features/applications/_tests/application-list-page.test.tsx:105:77)\n    at <anonymous> (/home/taichu/git/1flowbase-project-maintenance/web/node_modules/.pnpm/@vitest+runner@3.2.4/node_modules/@vitest/runner/dist/chunk-hooks.js:752:26)\n    at <anonymous> (/home/taichu/git/1flowbase-project-maintenance/web/node_modules/.pnpm/@vitest+runner@3.2.4/node_modules/@vitest/runner/dist/chunk-hooks.js:1897:20)\n    at Promise (unknown:1:11)\n    at runWithTimeout (/home/taichu/git/1flowbase-project-maintenance/web/node_modules/.pnpm/@vitest+runner@3.2.4/node_modules/@vitest/runner/dist/chunk-hooks.js:1863:14)\n    at runTest (/home/taichu/git/1flowbase-project-maintenance/web/node_modules/.pnpm/@vitest+runner@3.2.4/node_modules/@vitest/runner/dist/chunk-hooks.js:1574:12)\n    at processTicksAndRejections (unknown:7:39)"],"meta":{}},{"ancestorTitles":["ApplicationListPage"],"fullName":"ApplicationListPage creates a new tag from the card dialog and saves it back to the application","status":"failed","title":"creates a new tag from the card dialog and saves it back to the application","duration":10037.523184000001,"failureMessages":["Error\n    at waitForWrapper (/home/taichu/git/1flowbase-project-maintenance/web/node_modules/.pnpm/@testing-library+dom@10.4.1/node_modules/@testing-library/dom/dist/wait-for.js:163:31)\n    at <anonymous> (/home/taichu/git/1flowbase-project-maintenance/web/app/src/features/applications/_tests/application-list-page.test.tsx:119:77)\n    at <anonymous> (/home/taichu/git/1flowbase-project-maintenance/web/node_modules/.pnpm/@vitest+runner@3.2.4/node_modules/@vitest/runner/dist/chunk-hooks.js:752:26)\n    at <anonymous> (/home/taichu/git/1flowbase-project-maintenance/web/node_modules/.pnpm/@vitest+runner@3.2.4/node_modules/@vitest/runner/dist/chunk-hooks.js:1897:20)\n    at Promise (unknown:1:11)\n    at runWithTimeout (/home/taichu/git/1flowbase-project-maintenance/web/node_modules/.pnpm/@vitest+runner@3.2.4/node_modules/@vitest/runner/dist/chunk-hooks.js:1863:14)\n    at runTest (/home/taichu/git/1flowbase-project-maintenance/web/node_modules/.pnpm/@vitest+runner@3.2.4/node_modules/@vitest/runner/dist/chunk-hooks.js:1574:12)\n    at processTicksAndRejections (unknown:7:39)"],"meta":{}},{"ancestorTitles":["ApplicationListPage"],"fullName":"ApplicationListPage edits application name and description from the card action","status":"failed","title":"edits application name and description from the card action","duration":10029.434999000001,"failureMessages":["Error\n    at waitForWrapper (/home/taichu/git/1flowbase-project-maintenance/web/node_modules/.pnpm/@testing-library+dom@10.4.1/node_modules/@testing-library/dom/dist/wait-for.js:163:31)\n    at <anonymous> (/home/taichu/git/1flowbase-project-maintenance/web/app/src/features/applications/_tests/application-list-page.test.tsx:155:77)\n    at <anonymous> (/home/taichu/git/1flowbase-project-maintenance/web/node_modules/.pnpm/@vitest+runner@3.2.4/node_modules/@vitest/runner/dist/chunk-hooks.js:752:26)\n    at <anonymous> (/home/taichu/git/1flowbase-project-maintenance/web/node_modules/.pnpm/@vitest+runner@3.2.4/node_modules/@vitest/runner/dist/chunk-hooks.js:1897:20)\n    at Promise (unknown:1:11)\n    at runWithTimeout (/home/taichu/git/1flowbase-project-maintenance/web/node_modules/.pnpm/@vitest+runner@3.2.4/node_modules/@vitest/runner/dist/chunk-hooks.js:1863:14)\n    at runTest (/home/taichu/git/1flowbase-project-maintenance/web/node_modules/.pnpm/@vitest+runner@3.2.4/node_modules/@vitest/runner/dist/chunk-hooks.js:1574:12)\n    at processTicksAndRejections (unknown:7:39)"],"meta":{}}],"startTime":1777090075650,"endTime":1777090105887.435,"status":"failed","message":"","name":"/home/taichu/git/1flowbase-project-maintenance/web/app/src/features/applications/_tests/application-list-page.test.tsx"}]}